2026-04-07 12:08:27.483660+02:00;ERROR;root;Exception in 'TemperatureConverter.update_log_conversion_table': [Errno 2] No such file or directory: 'logs/scanner_temperature.log'
Traceback (most recent call last):
  File "/home/nr/programming25/clean_ciunet/clean_ciunet/python_util/util/noexcept.py", line 13, in inner
    return func(*args, **kwargs)
  File "/home/nr/programming25/clean_ciunet/clean_ciunet/ciunet/processing/temperatures/TemperatureConverter.py", line 208, in update_log_conversion_table
    with open(self.log_conversion_table, "wb") as f:
         ~~~~^^^^^^^^^^^^^^^^^^^^^^^^^^^^^^^^^
FileNotFoundError: [Errno 2] No such file or directory: 'logs/scanner_temperature.log'

2026-04-07 12:08:30.480353+02:00;ERROR;WinAlarm;Could not parse window ini file: File ../ciu1/window1.ini does not exist
2026-04-07 12:08:33.481914+02:00;ERROR;WinAlarm;Could not parse window ini file: File ../ciu1/window1.ini does not exist
2026-04-07 12:08:36.481673+02:00;ERROR;WinAlarm;Could not parse window ini file: File ../ciu1/window1.ini does not exist
2026-04-07 12:08:39.483755+02:00;ERROR;WinAlarm;Could not parse window ini file: File ../ciu1/window1.ini does not exist
2026-04-07 12:08:42.484107+02:00;ERROR;WinAlarm;Could not parse window ini file: File ../ciu1/window1.ini does not exist
2026-04-07 12:08:45.482784+02:00;ERROR;WinAlarm;Could not parse window ini file: File ../ciu1/window1.ini does not exist
2026-04-07 12:08:48.482360+02:00;ERROR;WinAlarm;Could not parse window ini file: File ../ciu1/window1.ini does not exist
2026-04-07 12:08:51.482315+02:00;ERROR;WinAlarm;Could not parse window ini file: File ../ciu1/window1.ini does not exist
2026-04-07 12:08:54.482264+02:00;ERROR;WinAlarm;Could not parse window ini file: File ../ciu1/window1.ini does not exist
2026-04-07 12:08:57.484442+02:00;ERROR;WinAlarm;Could not parse window ini file: File ../ciu1/window1.ini does not exist
2026-04-07 12:09:00.481779+02:00;ERROR;WinAlarm;Could not parse window ini file: File ../ciu1/window1.ini does not exist
2026-04-07 12:09:03.480376+02:00;ERROR;WinAlarm;Could not parse window ini file: File ../ciu1/window1.ini does not exist
2026-04-07 12:09:06.481889+02:00;ERROR;WinAlarm;Could not parse window ini file: File ../ciu1/window1.ini does not exist
2026-04-07 12:09:09.477835+02:00;ERROR;WinAlarm;Could not parse window ini file: File ../ciu1/window1.ini does not exist
2026-04-07 12:09:12.485015+02:00;ERROR;WinAlarm;Could not parse window ini file: File ../ciu1/window1.ini does not exist
2026-04-07 12:09:15.481954+02:00;ERROR;WinAlarm;Could not parse window ini file: File ../ciu1/window1.ini does not exist
2026-04-07 12:09:18.482529+02:00;ERROR;WinAlarm;Could not parse window ini file: File ../ciu1/window1.ini does not exist
2026-04-07 12:09:21.483236+02:00;ERROR;WinAlarm;Could not parse window ini file: File ../ciu1/window1.ini does not exist
2026-04-07 12:09:24.481996+02:00;ERROR;WinAlarm;Could not parse window ini file: File ../ciu1/window1.ini does not exist
2026-04-07 12:09:27.485806+02:00;ERROR;WinAlarm;Could not parse window ini file: File ../ciu1/window1.ini does not exist
2026-04-07 12:09:30.482886+02:00;ERROR;WinAlarm;Could not parse window ini file: File ../ciu1/window1.ini does not exist
2026-04-07 12:09:33.479583+02:00;ERROR;WinAlarm;Could not parse window ini file: File ../ciu1/window1.ini does not exist
2026-04-07 12:09:36.482204+02:00;ERROR;WinAlarm;Could not parse window ini file: File ../ciu1/window1.ini does not exist
2026-04-07 12:09:39.479520+02:00;ERROR;WinAlarm;Could not parse window ini file: File ../ciu1/window1.ini does not exist
2026-04-07 12:09:42.481163+02:00;ERROR;WinAlarm;Could not parse window ini file: File ../ciu1/window1.ini does not exist
2026-04-07 12:09:45.481786+02:00;ERROR;WinAlarm;Could not parse window ini file: File ../ciu1/window1.ini does not exist
2026-04-07 12:09:48.480794+02:00;ERROR;WinAlarm;Could not parse window ini file: File ../ciu1/window1.ini does not exist
2026-04-07 12:09:51.481331+02:00;ERROR;WinAlarm;Could not parse window ini file: File ../ciu1/window1.ini does not exist
2026-04-07 12:09:54.482837+02:00;ERROR;WinAlarm;Could not parse window ini file: File ../ciu1/window1.ini does not exist
2026-04-07 12:09:57.486705+02:00;ERROR;WinAlarm;Could not parse window ini file: File ../ciu1/window1.ini does not exist
2026-04-07 12:10:00.480004+02:00;ERROR;WinAlarm;Could not parse window ini file: File ../ciu1/window1.ini does not exist
2026-04-07 12:10:03.480980+02:00;ERROR;WinAlarm;Could not parse window ini file: File ../ciu1/window1.ini does not exist
2026-04-07 12:10:06.480383+02:00;ERROR;WinAlarm;Could not parse window ini file: File ../ciu1/window1.ini does not exist
2026-04-07 12:10:09.482059+02:00;ERROR;WinAlarm;Could not parse window ini file: File ../ciu1/window1.ini does not exist
2026-04-07 12:10:12.486943+02:00;ERROR;WinAlarm;Could not parse window ini file: File ../ciu1/window1.ini does not exist
2026-04-07 12:10:15.478697+02:00;ERROR;WinAlarm;Could not parse window ini file: File ../ciu1/window1.ini does not exist
2026-04-07 12:10:18.482795+02:00;ERROR;WinAlarm;Could not parse window ini file: File ../ciu1/window1.ini does not exist
2026-04-07 12:10:21.480580+02:00;ERROR;WinAlarm;Could not parse window ini file: File ../ciu1/window1.ini does not exist
2026-04-07 12:10:24.481545+02:00;ERROR;WinAlarm;Could not parse window ini file: File ../ciu1/window1.ini does not exist
2026-04-07 12:10:27.516480+02:00;ERROR;WinAlarm;Could not parse window ini file: File ../ciu1/window1.ini does not exist
2026-04-07 12:10:30.478913+02:00;ERROR;WinAlarm;Could not parse window ini file: File ../ciu1/window1.ini does not exist
2026-04-07 12:10:33.481515+02:00;ERROR;WinAlarm;Could not parse window ini file: File ../ciu1/window1.ini does not exist
2026-04-07 12:10:36.482335+02:00;ERROR;WinAlarm;Could not parse window ini file: File ../ciu1/window1.ini does not exist
2026-04-07 12:10:39.480711+02:00;ERROR;WinAlarm;Could not parse window ini file: File ../ciu1/window1.ini does not exist
2026-04-07 12:10:42.482666+02:00;ERROR;WinAlarm;Could not parse window ini file: File ../ciu1/window1.ini does not exist
2026-04-07 12:10:45.481386+02:00;ERROR;WinAlarm;Could not parse window ini file: File ../ciu1/window1.ini does not exist
2026-04-07 12:10:48.479557+02:00;ERROR;WinAlarm;Could not parse window ini file: File ../ciu1/window1.ini does not exist
2026-04-07 12:10:51.482285+02:00;ERROR;WinAlarm;Could not parse window ini file: File ../ciu1/window1.ini does not exist
2026-04-07 12:10:54.480972+02:00;ERROR;WinAlarm;Could not parse window ini file: File ../ciu1/window1.ini does not exist
2026-04-07 12:10:57.485781+02:00;ERROR;WinAlarm;Could not parse window ini file: File ../ciu1/window1.ini does not exist
2026-04-07 12:11:00.478326+02:00;ERROR;WinAlarm;Could not parse window ini file: File ../ciu1/window1.ini does not exist
2026-04-07 12:11:03.479762+02:00;ERROR;WinAlarm;Could not parse window ini file: File ../ciu1/window1.ini does not exist
2026-04-07 12:11:06.481776+02:00;ERROR;WinAlarm;Could not parse window ini file: File ../ciu1/window1.ini does not exist
2026-04-07 12:11:09.481602+02:00;ERROR;WinAlarm;Could not parse window ini file: File ../ciu1/window1.ini does not exist
2026-04-07 12:11:12.483577+02:00;ERROR;WinAlarm;Could not parse window ini file: File ../ciu1/window1.ini does not exist
2026-04-07 12:11:15.482478+02:00;ERROR;WinAlarm;Could not parse window ini file: File ../ciu1/window1.ini does not exist
2026-04-07 12:11:18.482013+02:00;ERROR;WinAlarm;Could not parse window ini file: File ../ciu1/window1.ini does not exist
2026-04-07 12:11:21.482393+02:00;ERROR;WinAlarm;Could not parse window ini file: File ../ciu1/window1.ini does not exist
2026-04-07 12:11:24.481601+02:00;ERROR;WinAlarm;Could not parse window ini file: File ../ciu1/window1.ini does not exist
2026-04-07 12:11:27.484885+02:00;ERROR;WinAlarm;Could not parse window ini file: File ../ciu1/window1.ini does not exist
2026-04-07 12:11:30.482064+02:00;ERROR;WinAlarm;Could not parse window ini file: File ../ciu1/window1.ini does not exist
2026-04-07 12:11:33.481675+02:00;ERROR;WinAlarm;Could not parse window ini file: File ../ciu1/window1.ini does not exist
2026-04-07 12:11:36.482141+02:00;ERROR;WinAlarm;Could not parse window ini file: File ../ciu1/window1.ini does not exist
2026-04-07 12:11:39.480038+02:00;ERROR;WinAlarm;Could not parse window ini file: File ../ciu1/window1.ini does not exist
2026-04-07 12:11:42.484989+02:00;ERROR;WinAlarm;Could not parse window ini file: File ../ciu1/window1.ini does not exist
2026-04-07 12:11:45.481927+02:00;ERROR;WinAlarm;Could not parse window ini file: File ../ciu1/window1.ini does not exist
2026-04-07 12:11:48.478933+02:00;ERROR;WinAlarm;Could not parse window ini file: File ../ciu1/window1.ini does not exist
2026-04-07 12:11:51.480822+02:00;ERROR;WinAlarm;Could not parse window ini file: File ../ciu1/window1.ini does not exist
2026-04-07 12:11:54.482207+02:00;ERROR;WinAlarm;Could not parse window ini file: File ../ciu1/window1.ini does not exist
2026-04-07 12:11:57.502835+02:00;ERROR;WinAlarm;Could not parse window ini file: File ../ciu1/window1.ini does not exist
2026-04-07 12:12:00.479589+02:00;ERROR;WinAlarm;Could not parse window ini file: File ../ciu1/window1.ini does not exist
2026-04-07 12:12:03.481488+02:00;ERROR;WinAlarm;Could not parse window ini file: File ../ciu1/window1.ini does not exist
2026-04-07 12:12:06.482569+02:00;ERROR;WinAlarm;Could not parse window ini file: File ../ciu1/window1.ini does not exist
2026-04-07 12:12:09.481231+02:00;ERROR;WinAlarm;Could not parse window ini file: File ../ciu1/window1.ini does not exist
2026-04-07 12:12:12.483843+02:00;ERROR;WinAlarm;Could not parse window ini file: File ../ciu1/window1.ini does not exist
2026-04-07 12:12:15.482746+02:00;ERROR;WinAlarm;Could not parse window ini file: File ../ciu1/window1.ini does not exist
2026-04-07 12:12:18.482232+02:00;ERROR;WinAlarm;Could not parse window ini file: File ../ciu1/window1.ini does not exist
2026-04-07 12:12:21.481520+02:00;ERROR;WinAlarm;Could not parse window ini file: File ../ciu1/window1.ini does not exist
2026-04-07 12:12:24.483188+02:00;ERROR;WinAlarm;Could not parse window ini file: File ../ciu1/window1.ini does not exist
2026-04-07 12:12:27.481869+02:00;ERROR;WinAlarm;Could not parse window ini file: File ../ciu1/window1.ini does not exist
2026-04-07 12:12:30.482188+02:00;ERROR;WinAlarm;Could not parse window ini file: File ../ciu1/window1.ini does not exist
2026-04-07 12:12:33.479545+02:00;ERROR;WinAlarm;Could not parse window ini file: File ../ciu1/window1.ini does not exist
2026-04-07 12:12:36.481784+02:00;ERROR;WinAlarm;Could not parse window ini file: File ../ciu1/window1.ini does not exist
2026-04-07 12:12:39.482983+02:00;ERROR;WinAlarm;Could not parse window ini file: File ../ciu1/window1.ini does not exist
2026-04-07 12:12:42.486263+02:00;ERROR;WinAlarm;Could not parse window ini file: File ../ciu1/window1.ini does not exist
2026-04-07 12:12:45.478725+02:00;ERROR;WinAlarm;Could not parse window ini file: File ../ciu1/window1.ini does not exist
2026-04-07 12:12:48.482955+02:00;ERROR;WinAlarm;Could not parse window ini file: File ../ciu1/window1.ini does not exist
2026-04-07 12:12:51.483021+02:00;ERROR;WinAlarm;Could not parse window ini file: File ../ciu1/window1.ini does not exist
2026-04-07 12:12:54.478472+02:00;ERROR;WinAlarm;Could not parse window ini file: File ../ciu1/window1.ini does not exist
2026-04-07 12:12:57.486510+02:00;ERROR;WinAlarm;Could not parse window ini file: File ../ciu1/window1.ini does not exist
2026-04-07 12:13:00.482505+02:00;ERROR;WinAlarm;Could not parse window ini file: File ../ciu1/window1.ini does not exist
2026-04-07 12:13:03.482741+02:00;ERROR;WinAlarm;Could not parse window ini file: File ../ciu1/window1.ini does not exist
2026-04-07 12:13:06.481396+02:00;ERROR;WinAlarm;Could not parse window ini file: File ../ciu1/window1.ini does not exist
2026-04-07 12:13:09.481423+02:00;ERROR;WinAlarm;Could not parse window ini file: File ../ciu1/window1.ini does not exist
2026-04-07 12:13:12.483690+02:00;ERROR;WinAlarm;Could not parse window ini file: File ../ciu1/window1.ini does not exist
2026-04-07 12:13:15.480869+02:00;ERROR;WinAlarm;Could not parse window ini file: File ../ciu1/window1.ini does not exist
2026-04-07 12:13:18.481651+02:00;ERROR;WinAlarm;Could not parse window ini file: File ../ciu1/window1.ini does not exist
2026-04-07 12:13:21.480879+02:00;ERROR;WinAlarm;Could not parse window ini file: File ../ciu1/window1.ini does not exist
2026-04-07 12:13:24.481808+02:00;ERROR;WinAlarm;Could not parse window ini file: File ../ciu1/window1.ini does not exist
2026-04-07 12:13:27.484460+02:00;ERROR;WinAlarm;Could not parse window ini file: File ../ciu1/window1.ini does not exist
2026-04-07 12:13:30.480442+02:00;ERROR;WinAlarm;Could not parse window ini file: File ../ciu1/window1.ini does not exist
2026-04-07 12:13:33.479002+02:00;ERROR;WinAlarm;Could not parse window ini file: File ../ciu1/window1.ini does not exist
2026-04-07 12:13:36.481257+02:00;ERROR;WinAlarm;Could not parse window ini file: File ../ciu1/window1.ini does not exist
2026-04-07 12:13:39.480631+02:00;ERROR;WinAlarm;Could not parse window ini file: File ../ciu1/window1.ini does not exist
2026-04-07 12:13:42.483178+02:00;ERROR;WinAlarm;Could not parse window ini file: File ../ciu1/window1.ini does not exist
2026-04-07 12:13:45.482219+02:00;ERROR;WinAlarm;Could not parse window ini file: File ../ciu1/window1.ini does not exist
2026-04-07 12:13:48.479899+02:00;ERROR;WinAlarm;Could not parse window ini file: File ../ciu1/window1.ini does not exist
2026-04-07 12:13:51.483239+02:00;ERROR;WinAlarm;Could not parse window ini file: File ../ciu1/window1.ini does not exist
2026-04-07 12:13:54.478345+02:00;ERROR;WinAlarm;Could not parse window ini file: File ../ciu1/window1.ini does not exist
2026-04-07 12:13:57.519384+02:00;ERROR;WinAlarm;Could not parse window ini file: File ../ciu1/window1.ini does not exist
2026-04-07 12:14:00.482486+02:00;ERROR;WinAlarm;Could not parse window ini file: File ../ciu1/window1.ini does not exist
2026-04-07 12:14:03.482841+02:00;ERROR;WinAlarm;Could not parse window ini file: File ../ciu1/window1.ini does not exist
2026-04-07 12:14:06.481810+02:00;ERROR;WinAlarm;Could not parse window ini file: File ../ciu1/window1.ini does not exist
2026-04-07 12:14:09.481403+02:00;ERROR;WinAlarm;Could not parse window ini file: File ../ciu1/window1.ini does not exist
2026-04-07 12:14:12.484256+02:00;ERROR;WinAlarm;Could not parse window ini file: File ../ciu1/window1.ini does not exist
2026-04-07 12:14:15.481214+02:00;ERROR;WinAlarm;Could not parse window ini file: File ../ciu1/window1.ini does not exist
2026-04-07 12:14:18.480434+02:00;ERROR;WinAlarm;Could not parse window ini file: File ../ciu1/window1.ini does not exist
2026-04-07 12:14:21.482176+02:00;ERROR;WinAlarm;Could not parse window ini file: File ../ciu1/window1.ini does not exist
2026-04-07 12:14:24.482030+02:00;ERROR;WinAlarm;Could not parse window ini file: File ../ciu1/window1.ini does not exist
2026-04-07 12:14:27.486219+02:00;ERROR;WinAlarm;Could not parse window ini file: File ../ciu1/window1.ini does not exist
2026-04-07 12:14:30.481235+02:00;ERROR;WinAlarm;Could not parse window ini file: File ../ciu1/window1.ini does not exist
2026-04-07 12:14:33.482542+02:00;ERROR;WinAlarm;Could not parse window ini file: File ../ciu1/window1.ini does not exist
2026-04-07 12:14:36.482767+02:00;ERROR;WinAlarm;Could not parse window ini file: File ../ciu1/window1.ini does not exist
2026-04-07 12:14:39.482037+02:00;ERROR;WinAlarm;Could not parse window ini file: File ../ciu1/window1.ini does not exist
2026-04-07 12:14:42.484042+02:00;ERROR;WinAlarm;Could not parse window ini file: File ../ciu1/window1.ini does not exist
2026-04-07 12:14:45.482144+02:00;ERROR;WinAlarm;Could not parse window ini file: File ../ciu1/window1.ini does not exist
2026-04-07 12:14:48.478532+02:00;ERROR;WinAlarm;Could not parse window ini file: File ../ciu1/window1.ini does not exist
2026-04-07 12:14:51.479888+02:00;ERROR;WinAlarm;Could not parse window ini file: File ../ciu1/window1.ini does not exist
2026-04-07 12:14:54.481428+02:00;ERROR;WinAlarm;Could not parse window ini file: File ../ciu1/window1.ini does not exist
2026-04-07 12:14:57.486449+02:00;ERROR;WinAlarm;Could not parse window ini file: File ../ciu1/window1.ini does not exist
2026-04-07 12:15:00.482898+02:00;ERROR;WinAlarm;Could not parse window ini file: File ../ciu1/window1.ini does not exist
2026-04-07 12:15:03.480652+02:00;ERROR;WinAlarm;Could not parse window ini file: File ../ciu1/window1.ini does not exist
2026-04-07 12:15:06.482084+02:00;ERROR;WinAlarm;Could not parse window ini file: File ../ciu1/window1.ini does not exist
2026-04-07 12:15:09.479452+02:00;ERROR;WinAlarm;Could not parse window ini file: File ../ciu1/window1.ini does not exist
2026-04-07 12:15:12.483579+02:00;ERROR;WinAlarm;Could not parse window ini file: File ../ciu1/window1.ini does not exist
2026-04-07 12:15:15.482292+02:00;ERROR;WinAlarm;Could not parse window ini file: File ../ciu1/window1.ini does not exist
2026-04-07 12:15:18.478394+02:00;ERROR;WinAlarm;Could not parse window ini file: File ../ciu1/window1.ini does not exist
2026-04-07 12:15:21.482447+02:00;ERROR;WinAlarm;Could not parse window ini file: File ../ciu1/window1.ini does not exist
2026-04-07 12:15:24.481809+02:00;ERROR;WinAlarm;Could not parse window ini file: File ../ciu1/window1.ini does not exist
2026-04-07 12:15:27.484862+02:00;ERROR;WinAlarm;Could not parse window ini file: File ../ciu1/window1.ini does not exist
2026-04-07 12:15:30.483016+02:00;ERROR;WinAlarm;Could not parse window ini file: File ../ciu1/window1.ini does not exist
2026-04-07 12:15:33.479259+02:00;ERROR;WinAlarm;Could not parse window ini file: File ../ciu1/window1.ini does not exist
2026-04-07 12:15:36.485488+02:00;ERROR;WinAlarm;Could not parse window ini file: File ../ciu1/window1.ini does not exist
2026-04-07 12:15:39.483417+02:00;ERROR;WinAlarm;Could not parse window ini file: File ../ciu1/window1.ini does not exist
2026-04-07 12:15:42.483370+02:00;ERROR;WinAlarm;Could not parse window ini file: File ../ciu1/window1.ini does not exist
2026-04-07 12:15:45.481983+02:00;ERROR;WinAlarm;Could not parse window ini file: File ../ciu1/window1.ini does not exist
2026-04-07 12:15:48.478643+02:00;ERROR;WinAlarm;Could not parse window ini file: File ../ciu1/window1.ini does not exist
2026-04-07 12:15:51.481553+02:00;ERROR;WinAlarm;Could not parse window ini file: File ../ciu1/window1.ini does not exist
2026-04-07 12:15:54.482479+02:00;ERROR;WinAlarm;Could not parse window ini file: File ../ciu1/window1.ini does not exist
2026-04-07 12:15:57.487199+02:00;ERROR;WinAlarm;Could not parse window ini file: File ../ciu1/window1.ini does not exist
2026-04-07 12:16:00.482666+02:00;ERROR;WinAlarm;Could not parse window ini file: File ../ciu1/window1.ini does not exist
2026-04-07 12:16:03.478571+02:00;ERROR;WinAlarm;Could not parse window ini file: File ../ciu1/window1.ini does not exist
2026-04-07 12:16:06.479050+02:00;ERROR;WinAlarm;Could not parse window ini file: File ../ciu1/window1.ini does not exist
2026-04-07 12:16:09.482183+02:00;ERROR;WinAlarm;Could not parse window ini file: File ../ciu1/window1.ini does not exist
2026-04-07 12:16:12.484221+02:00;ERROR;WinAlarm;Could not parse window ini file: File ../ciu1/window1.ini does not exist
2026-04-07 12:16:15.479291+02:00;ERROR;WinAlarm;Could not parse window ini file: File ../ciu1/window1.ini does not exist
2026-04-07 12:16:18.482041+02:00;ERROR;WinAlarm;Could not parse window ini file: File ../ciu1/window1.ini does not exist
2026-04-07 12:16:21.482209+02:00;ERROR;WinAlarm;Could not parse window ini file: File ../ciu1/window1.ini does not exist
2026-04-07 12:16:24.480657+02:00;ERROR;WinAlarm;Could not parse window ini file: File ../ciu1/window1.ini does not exist
2026-04-07 12:16:27.487440+02:00;ERROR;WinAlarm;Could not parse window ini file: File ../ciu1/window1.ini does not exist
2026-04-07 12:16:30.480732+02:00;ERROR;WinAlarm;Could not parse window ini file: File ../ciu1/window1.ini does not exist
2026-04-07 12:16:33.480637+02:00;ERROR;WinAlarm;Could not parse window ini file: File ../ciu1/window1.ini does not exist
2026-04-07 12:16:36.480786+02:00;ERROR;WinAlarm;Could not parse window ini file: File ../ciu1/window1.ini does not exist
2026-04-07 12:16:39.480735+02:00;ERROR;WinAlarm;Could not parse window ini file: File ../ciu1/window1.ini does not exist
2026-04-07 12:16:42.483998+02:00;ERROR;WinAlarm;Could not parse window ini file: File ../ciu1/window1.ini does not exist
2026-04-07 12:16:45.480861+02:00;ERROR;WinAlarm;Could not parse window ini file: File ../ciu1/window1.ini does not exist
2026-04-07 12:16:48.480512+02:00;ERROR;WinAlarm;Could not parse window ini file: File ../ciu1/window1.ini does not exist
2026-04-07 12:16:51.481106+02:00;ERROR;WinAlarm;Could not parse window ini file: File ../ciu1/window1.ini does not exist
2026-04-07 12:16:54.480368+02:00;ERROR;WinAlarm;Could not parse window ini file: File ../ciu1/window1.ini does not exist
